<?xml version="1.0" encoding="UTF-8"?>
<testng-results ignored="0" total="1" passed="1" failed="0" skipped="0">
  <reporter-output>
  </reporter-output>
  <suite started-at="2023-04-10T23:51:27 EDT" name="Default suite" finished-at="2023-04-10T23:51:40 EDT" duration-ms="12436">
    <groups>
    </groups>
    <test started-at="2023-04-10T23:51:27 EDT" name="Default test" finished-at="2023-04-10T23:51:40 EDT" duration-ms="12436">
      <class name="com.Facebook.Dropdown.Menu.Morepractice">
        <test-method is-config="true" signature="OpenUpUrl()[pri:0, instance:com.Facebook.Dropdown.Menu.Morepractice@33065d67]" started-at="2023-04-10T23:51:27 EDT" name="OpenUpUrl" finished-at="2023-04-10T23:51:39 EDT" duration-ms="11446" status="PASS">
          <reporter-output>
          </reporter-output>
        </test-method> <!-- OpenUpUrl -->
        <test-method signature="CheckNBAScores()[pri:0, instance:com.Facebook.Dropdown.Menu.Morepractice@33065d67]" started-at="2023-04-10T23:51:39 EDT" name="CheckNBAScores" finished-at="2023-04-10T23:51:40 EDT" duration-ms="924" status="PASS">
          <reporter-output>
          </reporter-output>
        </test-method> <!-- CheckNBAScores -->
      </class> <!-- com.Facebook.Dropdown.Menu.Morepractice -->
    </test> <!-- Default test -->
  </suite> <!-- Default suite -->
</testng-results>
